[2026-01-05 16:36:02] [SEND] fd=4 user=(not_logged_in): Chao mung den voi dau gia
[2026-01-05 16:36:06] [RECV] fd=4 user=(not_logged_in): LOGIN|admin|admin
[2026-01-05 16:36:06] [SEND] fd=4 user=admin: LOGIN_SUCCESS|dang nhap thanh cong|admin|1
[2026-01-05 16:36:06] [RECV] fd=4 user=admin: GET_ROOM_LIST|ALL|1|50
[2026-01-05 16:36:06] [SEND] fd=4 user=admin: ROOM_LIST|30|1|Phong Dau Gia Do Co|admin|CLOSED|4|0|2024-12-01 08:00:00|2024-12-31 20:00:00;2|Phong Nghe Thuat|alice|CLOSED|2|0|2024-12-01 09:00:00|2024-12-31 21:00:00;3|Phong Trang Suc|admin|CLOSED|3|0|2024-12-01 10:00:00|2024-12-31 22:00:00;4|Phong Do Dien Tu|bob|CLOSED|2|0|2024-12-15 08:00:00|2024-12-31 20:00:00;5|Phong Sach Hiem|charlie|CLOSED|2|0|2024-11-01 08:00:00|2024-11-30 20:00:00;6|Phong Do Go My Nghe|admin|CLOSED|2|0|2024-12-01 08:00:00|2024-12-31 23:59:59;7|hong dau gia da quy|admin|CLOSED|0|0|2024-12-30 10:00:00|2025-01-16 23:59:59;8|phong gi do|user1|CLOSED|0|0|2025-01-01 00:00:00|2025-01-02 01:00:00;9|phong moi 1|admin|CLOSED|3|0|2025-12-03 00:00:00|2025-12-05 00:00:00;10|phong moi 2|admin|ACTIVE|0|0|2025-12-02 00:00:00|2025-12-04;11|phong moi 4|admin|CLOSED|2|0|2025-12-02 00:00:00|2025-12-05 00:00:00;12|phong dau gia test|user1|CLOSED|1|0|2025-12-17 00:51:26|2025-12-17 01:08:42;13|test|user1|CLOSED|0|0|2025-12-17 02:06:54|2025-12-17 02:03:54;14|phong test 2|user1|CLOSED|1|0|2025-12-17 03:14:45|2025-12-17 03:31:57;15|test phong moi |user1|CLOSED|0|0|2025-12-17 03:54:39|2025-12-17 04:12:53;16|room1|user1|ACTIVE|0|0|2025-12-17 03:57:31|cc;17|room2|user1|CLOSED|0|0|2025-12-17 04:09:28|2025-12-17 04:26:28;18|r1|user1|CLOSED|1|0|2025-12-17 04:23:46|2025-12-17 04:40:46;19|longroom|user1|CLOSED|2|0|2025-12-17 04:36:20|2025-12-17 05:33:20;20|test|admin|CLOSED|2|0|2025-12-17 05:48:30|2025-12-17 06:45:30;21|phong chong toi pham|alice|CLOSED|0|0|2025-12-17 06:18:47|2025-12-17 06:24:47;22|r1|user1|CLOSED|0|0|2025-12-17 06:38:13|2025-12-17 06:52:00;23|room new|admin|CLOSED|1|0|2025-12-17 07:14:33|2025-12-17 07:30:33;24|room1|admin|CLOSED|2|0|2025-12-17 07:31:19|2025-12-17 07:45:19;25|phong moi |admin|CLOSED|0|0|2026-01-04 20:28:00|2026-01-04 21:00:00;26|test sai|admin|CLOSED|0|0|2026-01-04 21:16:00|2026-01-03 22:00:00;27|12|user1|CLOSED|0|0|2026-01-01 00:00:00|2026-01-05 00:00:00;28|12|user1|CLOSED|0|0|2026-01-04 21:26:00|2026-01-04 21:00:00;29|12|user1|PENDING|2|0|05-01-2026 00:00:00|05-01-2026 00:00:00;30|open|admin|ACTIVE|1|0|2026-01-04 00:00:00|2026-02-04 00:00:00;
[2026-01-05 16:36:09] [RECV] fd=4 user=admin: JOIN_ROOM|30
[2026-01-05 16:36:09] [SEND] fd=4 user=admin: JOIN_ROOM_SUCCESS|Chao mung Chu phong|30|open
[2026-01-05 16:36:09] [RECV] fd=4 user=admin: GET_ROOM_DETAIL|30
[2026-01-05 16:36:09] [SEND] fd=4 user=admin: ROOM_DETAIL|30|open|ACTIVE|2026-01-04 00:00:00|2026-02-04 00:00:00|36|123|ACTIVE|12|12|300000|2026-01-05 16:20:00|2026-01-05 21:20:00|2026-01-05 16:20:00|2026-01-05 23:00:00|300;
[2026-01-05 16:36:51] [RECV] fd=4 user=admin: CREATE_ITEM|30|pending|12000|300|500000|2026-01-05 23:10:00|2026-01-05 23:30:00
[2026-01-05 16:36:51] [SEND] fd=4 user=admin: CREATE_ITEM_SUCCESS|Tao vat pham thanh cong (khung 2026-01-05 23:10:00-2026-01-05 23:30:00)|37
[2026-01-05 16:36:51] [RECV] fd=4 user=admin: GET_ROOM_DETAIL|30
[2026-01-05 16:36:51] [SEND] fd=4 user=admin: ROOM_DETAIL|30|open|ACTIVE|2026-01-04 00:00:00|2026-02-04 00:00:00|36|123|ACTIVE|12|12|300000|2026-01-05 16:20:00|2026-01-05 21:20:00|2026-01-05 16:20:00|2026-01-05 23:00:00|300;37|pending|PENDING|12000|12000|500000|||2026-01-05 23:10:00|2026-01-05 23:30:00|300;
[2026-01-05 16:36:58] [RECV] fd=4 user=admin: DELETE_ITEM|36
[2026-01-05 16:36:58] [SEND] fd=4 user=admin: DELETE_ITEM_SUCCESS|Da xoa vat pham '123' (ID: 36)
[2026-01-05 16:36:58] [RECV] fd=4 user=admin: GET_ROOM_DETAIL|30
[2026-01-05 16:36:58] [SEND] fd=4 user=admin: ROOM_DETAIL|30|open|ACTIVE|2026-01-04 00:00:00|2026-02-04 00:00:00|37|pending|PENDING|12000|12000|500000|||2026-01-05 23:10:00|2026-01-05 23:30:00|300;
[2026-01-05 16:37:57] [RECV] fd=4 user=admin: CREATE_ITEM|30|open|12000|300|400000|2026-01-05 16:39:00|2026-01-05 16:50:00
[2026-01-05 16:37:57] [SEND] fd=4 user=admin: CREATE_ITEM_SUCCESS|Tao vat pham thanh cong (khung 2026-01-05 16:39:00-2026-01-05 16:50:00)|38
[2026-01-05 16:37:57] [RECV] fd=4 user=admin: GET_ROOM_DETAIL|30
[2026-01-05 16:37:57] [SEND] fd=4 user=admin: ROOM_DETAIL|30|open|ACTIVE|2026-01-04 00:00:00|2026-02-04 00:00:00|37|pending|PENDING|12000|12000|500000|||2026-01-05 23:10:00|2026-01-05 23:30:00|300;38|open|PENDING|12000|12000|400000|||2026-01-05 16:39:00|2026-01-05 16:50:00|300;
[2026-01-05 16:39:00] [SEND] fd=4 user=admin: ITEM_STARTED|38|open|12000|2026-01-05 16:50:00|300|2026-01-05 16:39:00|2026-01-05 16:50:00|2026-01-05 16:39:00|2026-01-05 16:50:00|660
[2026-01-05 16:39:00] [RECV] fd=4 user=admin: GET_ROOM_DETAIL|30
[2026-01-05 16:39:00] [SEND] fd=4 user=admin: ROOM_DETAIL|30|open|ACTIVE|2026-01-04 00:00:00|2026-02-04 00:00:00|37|pending|PENDING|12000|12000|500000|||2026-01-05 23:10:00|2026-01-05 23:30:00|300;38|open|ACTIVE|12000|12000|400000|2026-01-05 16:39:00|2026-01-05 16:50:00|2026-01-05 16:39:00|2026-01-05 16:50:00|300;
